<?xml version="1.0" encoding="UTF-8"?>
<!-- Generated by org.testng.reporters.JUnitXMLReporter -->
<testsuite hostname="WIN-01607201740" ignored="4" name="Default test" tests="1" failures="1" timestamp="16 四月 2018 05:41:53 GMT" time="0.061" errors="0">
  <testcase name="test" time="0.0" classname="com.sugon.test.NewTest">
    <failure type="org.testng.TestNGException" message="
Parameter &amp;apos;ip&amp;apos; is required by @Test on method test but has not been marked @Optional or defined
in C:\Users\Administrator\AppData\Local\Temp\testng-eclipse--342679910\testng-customsuite.xml">
      <![CDATA[org.testng.TestNGException: 
Parameter 'ip' is required by @Test on method test but has not been marked @Optional or defined
in C:\Users\Administrator\AppData\Local\Temp\testng-eclipse--342679910\testng-customsuite.xml
at org.testng.internal.Parameters.createParams(Parameters.java:290)
at org.testng.internal.Parameters.createParametersForMethod(Parameters.java:359)
at org.testng.internal.Parameters.createParameters(Parameters.java:620)
at org.testng.internal.Parameters.handleParameters(Parameters.java:769)
at org.testng.internal.ParameterHandler.handleParameters(ParameterHandler.java:49)
at org.testng.internal.ParameterHandler.createParameters(ParameterHandler.java:37)
at org.testng.internal.Invoker.invokeTestMethods(Invoker.java:923)
at org.testng.internal.TestMethodWorker.invokeTestMethods(TestMethodWorker.java:125)
at org.testng.internal.TestMethodWorker.run(TestMethodWorker.java:109)
at org.testng.TestRunner.privateRun(TestRunner.java:648)
at org.testng.TestRunner.run(TestRunner.java:505)
at org.testng.SuiteRunner.runTest(SuiteRunner.java:455)
at org.testng.SuiteRunner.runSequentially(SuiteRunner.java:450)
at org.testng.SuiteRunner.privateRun(SuiteRunner.java:415)
at org.testng.SuiteRunner.run(SuiteRunner.java:364)
at org.testng.SuiteRunnerWorker.runSuite(SuiteRunnerWorker.java:52)
at org.testng.SuiteRunnerWorker.run(SuiteRunnerWorker.java:84)
at org.testng.TestNG.runSuitesSequentially(TestNG.java:1208)
at org.testng.TestNG.runSuitesLocally(TestNG.java:1137)
at org.testng.TestNG.runSuites(TestNG.java:1049)
at org.testng.TestNG.run(TestNG.java:1017)
at org.testng.remote.AbstractRemoteTestNG.run(AbstractRemoteTestNG.java:114)
at org.testng.remote.RemoteTestNG.initAndRun(RemoteTestNG.java:251)
at org.testng.remote.RemoteTestNG.main(RemoteTestNG.java:77)
]]>
    </failure>
  </testcase> <!-- test -->
  <testcase name="install" time="0.0" classname="com.sugon.test.NewTest">
    <ignored/>
  </testcase> <!-- install -->
  <testcase name="testMQL" time="0.0" classname="com.sugon.test.NewTest">
    <ignored/>
  </testcase> <!-- testMQL -->
  <testcase name="createDataSet" time="0.0" classname="com.sugon.test.NewTest">
    <ignored/>
  </testcase> <!-- createDataSet -->
  <testcase name="insertData" time="0.0" classname="com.sugon.test.NewTest">
    <ignored/>
  </testcase> <!-- insertData -->
</testsuite> <!-- Default test -->
